Feb 23, 2021 8:25:17 AM com.github.saintukrainian.cloudcrud.service.PostService getPostsByUserId
INFO: Finding posts for user with id=1
Feb 23, 2021 8:25:18 AM com.github.saintukrainian.cloudcrud.service.PostService getPostsByUserId
INFO: Posts found. Time taken: 330 milliseconds
Feb 23, 2021 8:25:29 AM com.github.saintukrainian.cloudcrud.service.PostService getPostsByUserId
INFO: Finding posts for user with id=1
Feb 23, 2021 8:25:29 AM com.github.saintukrainian.cloudcrud.service.PostService getPostsByUserId
INFO: Posts found. Time taken: 109 milliseconds
Feb 23, 2021 8:29:23 AM com.github.saintukrainian.cloudcrud.service.PostService getPostsByUserId
INFO: Finding posts for user with id=1
Feb 23, 2021 8:29:24 AM com.github.saintukrainian.cloudcrud.service.PostService getPostsByUserId
INFO: Posts found. Time taken: 287 milliseconds
Feb 23, 2021 8:29:38 AM com.github.saintukrainian.cloudcrud.service.PostService getPostsByUserId
INFO: Finding posts for user with id=1
Feb 23, 2021 8:29:38 AM com.github.saintukrainian.cloudcrud.service.PostService getPostsByUserId
INFO: Posts found. Time taken: 96 milliseconds
Feb 23, 2021 8:32:12 AM com.github.saintukrainian.cloudcrud.service.PostService getPostsByUserId
INFO: Finding posts for user with id=1
Feb 23, 2021 8:32:13 AM com.github.saintukrainian.cloudcrud.service.PostService getPostsByUserId
INFO: Posts found. Time taken: 369 milliseconds
Feb 23, 2021 8:32:18 AM com.github.saintukrainian.cloudcrud.service.PostService getPostsByUserId
INFO: Finding posts for user with id=1
Feb 23, 2021 8:32:18 AM com.github.saintukrainian.cloudcrud.service.PostService getPostsByUserId
INFO: Posts found. Time taken: 97 milliseconds
Feb 24, 2021 12:04:30 AM com.github.saintukrainian.cloudcrud.service.PostService getPostsByUserId
INFO: Finding posts for user with id=1
Feb 24, 2021 12:04:31 AM com.github.saintukrainian.cloudcrud.service.PostService getPostsByUserId
INFO: Posts found. Time taken: 923 milliseconds
Feb 24, 2021 12:05:49 AM com.github.saintukrainian.cloudcrud.service.PostService getPostsByUserId
INFO: Finding posts for user with id=1
Feb 24, 2021 12:05:49 AM com.github.saintukrainian.cloudcrud.service.PostService getPostsByUserId
INFO: Posts found. Time taken: 293 milliseconds
Feb 24, 2021 12:06:09 AM com.github.saintukrainian.cloudcrud.service.PostService getPostsByUserId
INFO: Finding posts for user with id=1
Feb 24, 2021 12:06:09 AM com.github.saintukrainian.cloudcrud.service.PostService getPostsByUserId
INFO: Posts found. Time taken: 93 milliseconds
Feb 24, 2021 12:17:49 AM com.github.saintukrainian.cloudcrud.service.PostService getPostsByUserId
INFO: Finding posts for user with id=1
Feb 24, 2021 12:17:49 AM com.github.saintukrainian.cloudcrud.service.PostService getPostsByUserId
INFO: Posts found. Time taken: 276 milliseconds
Feb 24, 2021 12:17:54 AM com.github.saintukrainian.cloudcrud.service.PostService getPostsByUserId
INFO: Finding posts for user with id=1
Feb 24, 2021 12:17:54 AM com.github.saintukrainian.cloudcrud.service.PostService getPostsByUserId
INFO: Posts found. Time taken: 5 milliseconds
Feb 24, 2021 12:18:36 AM com.github.saintukrainian.cloudcrud.service.PostService getPostsByUserId
INFO: Finding posts for user with id=1
Feb 24, 2021 12:18:37 AM com.github.saintukrainian.cloudcrud.service.PostService getPostsByUserId
INFO: Posts found. Time taken: 288 milliseconds
Feb 24, 2021 12:18:42 AM com.github.saintukrainian.cloudcrud.service.PostService getPostsByUserId
INFO: Finding posts for user with id=5
Feb 24, 2021 12:18:42 AM com.github.saintukrainian.cloudcrud.service.PostService getPostsByUserId
WARNING: Person was not found with id=5
Feb 24, 2021 12:18:48 AM com.github.saintukrainian.cloudcrud.service.PostService getPostsByUserId
INFO: Finding posts for user with id=3
Feb 24, 2021 12:18:48 AM com.github.saintukrainian.cloudcrud.service.PostService getPostsByUserId
INFO: Posts found. Time taken: 5 milliseconds
Feb 24, 2021 12:18:54 AM com.github.saintukrainian.cloudcrud.service.PostService getPostsByUserId
INFO: Finding posts for user with id=2
Feb 24, 2021 12:18:54 AM com.github.saintukrainian.cloudcrud.service.PostService getPostsByUserId
INFO: Posts found. Time taken: 6 milliseconds
Feb 24, 2021 12:20:11 AM com.github.saintukrainian.cloudcrud.service.PostService getPostsByUserId
INFO: Finding posts for user with id=2
Feb 24, 2021 12:20:12 AM com.github.saintukrainian.cloudcrud.service.PostService getPostsByUserId
INFO: Posts found. Time taken: 558 milliseconds
Feb 24, 2021 12:20:26 AM com.github.saintukrainian.cloudcrud.service.PostService getPostsByUserId
INFO: Finding posts for user with id=1
Feb 24, 2021 12:20:26 AM com.github.saintukrainian.cloudcrud.service.PostService getPostsByUserId
INFO: Posts found. Time taken: 97 milliseconds
Feb 24, 2021 12:20:36 AM com.github.saintukrainian.cloudcrud.service.PostService getPostsByUserId
INFO: Finding posts for user with id=3
Feb 24, 2021 12:20:36 AM com.github.saintukrainian.cloudcrud.service.PostService getPostsByUserId
INFO: Posts found. Time taken: 85 milliseconds
Feb 24, 2021 12:24:06 AM com.github.saintukrainian.cloudcrud.service.PostService getPostsByUserId
INFO: Finding posts for user with id=3
Feb 24, 2021 12:24:06 AM com.github.saintukrainian.cloudcrud.service.PostService getPostsByUserId
INFO: Posts found. Time taken: 315 milliseconds
Feb 24, 2021 12:24:11 AM com.github.saintukrainian.cloudcrud.service.PostService getPostsByUserId
INFO: Finding posts for user with id=1
Feb 24, 2021 12:24:11 AM com.github.saintukrainian.cloudcrud.service.PostService getPostsByUserId
INFO: Posts found. Time taken: 88 milliseconds
Feb 24, 2021 12:41:13 AM com.github.saintukrainian.cloudcrud.service.PostService getPostsByUserId
INFO: Finding posts for user with id=1
Feb 24, 2021 12:41:13 AM com.github.saintukrainian.cloudcrud.service.PostService getPostsByUserId
INFO: Posts found. Time taken: 333 milliseconds
Feb 24, 2021 12:48:18 AM com.github.saintukrainian.cloudcrud.service.PostService getPostsByUserId
INFO: Finding posts for user with id=1
Feb 24, 2021 12:48:18 AM com.github.saintukrainian.cloudcrud.service.PostService getPostsByUserId
INFO: Posts found. Time taken: 420 milliseconds
Feb 24, 2021 12:48:18 AM com.github.saintukrainian.cloudcrud.service.PostService getAllPosts
INFO: Finding all posts
Feb 24, 2021 12:48:18 AM com.github.saintukrainian.cloudcrud.service.PostService getPostsByUserId
INFO: Finding posts for user with id=1
Feb 24, 2021 12:48:18 AM com.github.saintukrainian.cloudcrud.service.PostService getPostsByUserId
INFO: Posts found. Time taken: 114 milliseconds
Feb 24, 2021 12:49:56 AM com.github.saintukrainian.cloudcrud.service.PostService getPostsByUserId
INFO: Finding posts for user with id=1
Feb 24, 2021 12:49:57 AM com.github.saintukrainian.cloudcrud.service.PostService getPostsByUserId
INFO: Posts found. Time taken: 390 milliseconds
Feb 24, 2021 12:49:57 AM com.github.saintukrainian.cloudcrud.service.PostService getAllPosts
INFO: Finding all posts
Feb 24, 2021 12:49:57 AM com.github.saintukrainian.cloudcrud.service.PostService getPostsByUserId
INFO: Finding posts for user with id=1
Feb 24, 2021 12:49:57 AM com.github.saintukrainian.cloudcrud.service.PostService getPostsByUserId
INFO: Posts found. Time taken: 88 milliseconds
Feb 24, 2021 4:13:53 AM com.github.saintukrainian.cloudcrud.service.PostService getPostsByUserId
INFO: Finding posts for user with id=1
Feb 24, 2021 4:13:54 AM com.github.saintukrainian.cloudcrud.service.PostService getPostsByUserId
INFO: Posts found. Time taken: 486 milliseconds
Feb 24, 2021 4:13:54 AM com.github.saintukrainian.cloudcrud.service.PostService getAllPosts
INFO: Finding all posts
Feb 24, 2021 4:13:54 AM com.github.saintukrainian.cloudcrud.service.PostService getPostsByUserId
INFO: Finding posts for user with id=1
Feb 24, 2021 4:13:54 AM com.github.saintukrainian.cloudcrud.service.PostService getPostsByUserId
INFO: Posts found. Time taken: 87 milliseconds
Feb 24, 2021 4:14:50 AM com.github.saintukrainian.cloudcrud.service.PostService getPostsByUserId
INFO: Finding posts for user with id=1
Feb 24, 2021 4:14:51 AM com.github.saintukrainian.cloudcrud.service.PostService getPostsByUserId
INFO: Posts found. Time taken: 775 milliseconds
Feb 24, 2021 4:14:51 AM com.github.saintukrainian.cloudcrud.service.PostService getAllPosts
INFO: Finding all posts
Feb 24, 2021 4:14:51 AM com.github.saintukrainian.cloudcrud.service.PostService getPostsByUserId
INFO: Finding posts for user with id=1
Feb 24, 2021 4:14:51 AM com.github.saintukrainian.cloudcrud.service.PostService getPostsByUserId
INFO: Posts found. Time taken: 115 milliseconds
Feb 24, 2021 4:29:07 AM com.github.saintukrainian.cloudcrud.service.PostService getPostsByUserId
INFO: Finding posts for user with id=1
Feb 24, 2021 4:29:07 AM com.github.saintukrainian.cloudcrud.service.PostService getPostsByUserId
INFO: Posts found. Time taken: 406 milliseconds
Feb 24, 2021 4:29:07 AM com.github.saintukrainian.cloudcrud.service.PostService getAllPosts
INFO: Finding all posts
Feb 24, 2021 4:29:08 AM com.github.saintukrainian.cloudcrud.service.PostService getPostsByUserId
INFO: Finding posts for user with id=1
Feb 24, 2021 4:29:08 AM com.github.saintukrainian.cloudcrud.service.PostService getPostsByUserId
INFO: Posts found. Time taken: 99 milliseconds
Feb 24, 2021 6:30:01 AM com.github.saintukrainian.cloudcrud.service.PostService getPostsByUserId
INFO: Finding posts for user with id=1
Feb 24, 2021 6:30:01 AM com.github.saintukrainian.cloudcrud.service.PostService getPostsByUserId
INFO: Posts found. Time taken: 386 milliseconds
Feb 24, 2021 6:30:01 AM com.github.saintukrainian.cloudcrud.service.PostService getAllPosts
INFO: Finding all posts
Feb 24, 2021 6:30:01 AM com.github.saintukrainian.cloudcrud.service.PostService getPostsByUserId
INFO: Finding posts for user with id=1
Feb 24, 2021 6:30:01 AM com.github.saintukrainian.cloudcrud.service.PostService getPostsByUserId
INFO: Posts found. Time taken: 100 milliseconds
Feb 24, 2021 6:31:48 AM com.github.saintukrainian.cloudcrud.service.PostService getPostsByUserId
INFO: Finding posts for user with id=1
Feb 24, 2021 6:31:48 AM com.github.saintukrainian.cloudcrud.service.PostService getPostsByUserId
INFO: Posts found. Time taken: 388 milliseconds
Feb 24, 2021 6:31:48 AM com.github.saintukrainian.cloudcrud.service.PostService getAllPosts
INFO: Finding all posts
Feb 24, 2021 6:31:48 AM com.github.saintukrainian.cloudcrud.service.PostService getPostsByUserId
INFO: Finding posts for user with id=1
Feb 24, 2021 6:31:49 AM com.github.saintukrainian.cloudcrud.service.PostService getPostsByUserId
INFO: Posts found. Time taken: 98 milliseconds
Feb 24, 2021 6:44:39 AM com.github.saintukrainian.cloudcrud.service.PostService getPostsByUserId
INFO: Finding posts for user with id=1
Feb 24, 2021 6:44:39 AM com.github.saintukrainian.cloudcrud.service.PostService getPostsByUserId
INFO: Posts found. Time taken: 412 milliseconds
Feb 24, 2021 6:44:40 AM com.github.saintukrainian.cloudcrud.service.PostService getAllPosts
INFO: Finding all posts
Feb 24, 2021 6:44:40 AM com.github.saintukrainian.cloudcrud.service.PostService getPostsByUserId
INFO: Finding posts for user with id=1
Feb 24, 2021 6:44:40 AM com.github.saintukrainian.cloudcrud.service.PostService getPostsByUserId
INFO: Posts found. Time taken: 93 milliseconds
Feb 24, 2021 6:47:37 AM com.github.saintukrainian.cloudcrud.service.PostService getPostsByUserId
INFO: Finding posts for user with id=1
Feb 24, 2021 6:47:37 AM com.github.saintukrainian.cloudcrud.service.PostService getPostsByUserId
INFO: Posts found. Time taken: 369 milliseconds
Feb 24, 2021 6:47:37 AM com.github.saintukrainian.cloudcrud.service.PostService getAllPosts
INFO: Finding all posts
Feb 24, 2021 6:47:38 AM com.github.saintukrainian.cloudcrud.service.PostService getPostsByUserId
INFO: Finding posts for user with id=1
Feb 24, 2021 6:47:38 AM com.github.saintukrainian.cloudcrud.service.PostService getPostsByUserId
INFO: Posts found. Time taken: 93 milliseconds
Feb 24, 2021 6:56:18 AM com.github.saintukrainian.cloudcrud.service.PostService getPostsByUserId
INFO: Finding posts for user with id=1
Feb 24, 2021 6:56:19 AM com.github.saintukrainian.cloudcrud.service.PostService getPostsByUserId
INFO: Posts found. Time taken: 455 milliseconds
Feb 24, 2021 6:56:19 AM com.github.saintukrainian.cloudcrud.service.PostService getAllPosts
INFO: Finding all posts
Feb 24, 2021 6:56:19 AM com.github.saintukrainian.cloudcrud.service.PostService getPostsByUserId
INFO: Finding posts for user with id=1
Feb 24, 2021 6:56:19 AM com.github.saintukrainian.cloudcrud.service.PostService getPostsByUserId
INFO: Posts found. Time taken: 128 milliseconds
Feb 24, 2021 7:09:58 AM com.github.saintukrainian.cloudcrud.service.PostService getPostsByUserId
INFO: Finding posts for user with id=1
Feb 24, 2021 7:09:58 AM com.github.saintukrainian.cloudcrud.service.PostService getPostsByUserId
INFO: Posts found. Time taken: 315 milliseconds
Feb 24, 2021 7:10:13 AM com.github.saintukrainian.cloudcrud.service.PostService getPostsByUserId
INFO: Finding posts for user with id=3
Feb 24, 2021 7:10:13 AM com.github.saintukrainian.cloudcrud.service.PostService getPostsByUserId
INFO: Posts found. Time taken: 95 milliseconds
